2023-05-05T04:03:50.379_361-05:00 [29105] [====] Start logger: ./srv1.log (32 MB per file, up to 10 files)	[consensus.cc:1425, start()]
2023-05-05T04:03:50.384_468-05:00 [29105] [INFO] Raft ASIO listener initiated, UNSECURED	[asio_service.cxx:770, asio_rpc_listener()]
2023-05-05T04:03:50.384_686-05:00 [29105] [INFO] parameters: timeout 200 - 400, heartbeat 100, leadership expiry 2000, max batch 100, backoff 50, snapshot distance 5, enable randomized snapshot creation NO, log sync stop gap 99999, reserved logs 5, client timeout 3000, auto forwarding OFF, API call type BLOCKING, custom commit quorum size 0, custom election quorum size 0, snapshot receiver INCLUDED, leadership transfer wait time 0, grace period of lagging state machine 0, snapshot IO: BLOCKING, parallel log appending: OFF	[raft_server.cxx:384, apply_and_log_current_params()]
2023-05-05T04:03:50.384_713-05:00 [29105] [INFO] new timeout range: 200 -- 400	[raft_server.cxx:342, update_rand_timeout()]
2023-05-05T04:03:50.384_760-05:00 [29105] [INFO]    === INIT RAFT SERVER ===
commit index 0
term 0
election timer allowed
log store start 1, end 0
config log idx 0, prev log idx 0	[raft_server.cxx:166, raft_server()]
2023-05-05T04:03:50.384_779-05:00 [29105] [INFO] peer 1: DC ID 0, localhost:8081, voting member, 1
my id: 1, voting_member
num peers: 0	[raft_server.cxx:257, raft_server()]
2023-05-05T04:03:50.384_793-05:00 [29105] [INFO] global manager does not exist. will use local thread for commit and append	[raft_server.cxx:275, start_server()]
2023-05-05T04:03:50.384_920-05:00 [29105] [INFO] wait for HB, for 50 + [200, 400] ms	[raft_server.cxx:300, start_server()]
2023-05-05T04:03:50.384_956-05:00 [29113] [INFO] bg append_entries thread initiated	[handle_append_entries.cxx:104, append_entries_in_bg()]
2023-05-05T04:03:50.653_368-05:00 [29110] [WARN] Election timeout, initiate leader election	[handle_timeout.cxx:286, handle_election_timeout()]
2023-05-05T04:03:50.653_381-05:00 [29110] [INFO] [PRIORITY] decay, target 1 -> 1, mine 1	[handle_priority.cxx:213, decay_target_priority()]
2023-05-05T04:03:50.653_419-05:00 [29110] [INFO] [ELECTION TIMEOUT] current role: follower, log last term 0, state term 0, target p 1, my p 1, hb dead, pre-vote NOT done	[handle_timeout.cxx:299, handle_election_timeout()]
2023-05-05T04:03:50.653_452-05:00 [29110] [INFO] [VOTE INIT] my id 1, my role candidate, term 1, log idx 0, log term 0, priority (target 1 / mine 1)	[handle_vote.cxx:228, request_vote()]
2023-05-05T04:03:50.653_471-05:00 [29110] [INFO] number of pending commit elements: 0	[raft_server.cxx:988, become_leader()]
2023-05-05T04:03:50.653_479-05:00 [29110] [INFO] state machine commit index 0, precommit index 0, last log index 0	[raft_server.cxx:1001, become_leader()]
2023-05-05T04:03:50.653_598-05:00 [29110] [INFO] [BECOME LEADER] appended new config at 1	[raft_server.cxx:1044, become_leader()]
2023-05-05T04:03:50.653_732-05:00 [29112] [INFO] config at index 1 is committed, prev config log idx 0	[handle_commit.cxx:409, commit_conf()]
2023-05-05T04:03:50.653_752-05:00 [29112] [INFO] new config log idx 1, prev log idx 0, cur config log idx 0, prev log idx 0	[handle_commit.cxx:649, reconfigure()]
2023-05-05T04:03:50.653_798-05:00 [29112] [INFO] new configuration: log idx 1, prev log idx 0
peer 1, DC ID 0, localhost:8081, voting member, 1
my id: 1, leader: 1, term: 1	[handle_commit.cxx:865, reconfigure()]
2023-05-05T04:04:06.740_328-05:00 [29111] [INFO] receive a incoming rpc connection	[asio_service.cxx:836, handle_accept()]
2023-05-05T04:04:06.740_378-05:00 [29111] [INFO] session 1 got connection from 127.0.0.1:36620 (as a server)	[asio_service.cxx:259, prepare_handshake()]
2023-05-05T04:04:06.740_934-05:00 [29110] [INFO] got join cluster req from leader 2	[handle_join_leave.cxx:166, handle_join_cluster_req()]
2023-05-05T04:04:06.740_970-05:00 [29110] [INFO] new config log idx 1, prev log idx 0, cur config log idx 1, prev log idx 0	[handle_commit.cxx:649, reconfigure()]
2023-05-05T04:04:06.741_229-05:00 [29110] [INFO] server 2 is added to cluster	[handle_commit.cxx:724, reconfigure()]
2023-05-05T04:04:06.741_240-05:00 [29110] [INFO] peer 1 cannot be found, no action for removing	[handle_commit.cxx:818, reconfigure()]
2023-05-05T04:04:06.741_243-05:00 [29110] [INFO] add peer 2, localhost:8080, voting member	[handle_commit.cxx:823, reconfigure()]
2023-05-05T04:04:06.741_261-05:00 [29110] [INFO] new configuration: log idx 1, prev log idx 0
peer 2, DC ID 0, localhost:8080, voting member, 1
my id: 1, leader: 2, term: 1	[handle_commit.cxx:865, reconfigure()]
2023-05-05T04:04:06.742_115-05:00 [29111] [ERRO] session 1 failed to read rpc header from socket 127.0.0.1:36620 due to error 2, End of file, ref count 1	[asio_service.cxx:326, operator()()]
2023-05-05T04:04:06.843_124-05:00 [29109] [INFO] receive a incoming rpc connection	[asio_service.cxx:836, handle_accept()]
2023-05-05T04:04:06.843_168-05:00 [29109] [INFO] session 2 got connection from 127.0.0.1:36622 (as a server)	[asio_service.cxx:259, prepare_handshake()]
2023-05-05T04:04:06.843_346-05:00 [29110] [INFO] [LOG XX] req log idx: 2, req log term: 1, my last log idx: 1, my log (2) term: 0	[handle_append_entries.cxx:631, handle_append_entries()]
2023-05-05T04:04:06.843_351-05:00 [29110] [INFO] deny, req term 1, my term 1, req log idx 2, my log idx 1	[handle_append_entries.cxx:644, handle_append_entries()]
2023-05-05T04:04:06.843_887-05:00 [29109] [INFO] receive a config change from leader at 2	[handle_append_entries.cxx:815, handle_append_entries()]
2023-05-05T04:04:06.843_997-05:00 [29112] [INFO] config at index 1 is committed, prev config log idx 1	[handle_commit.cxx:409, commit_conf()]
2023-05-05T04:04:06.844_005-05:00 [29112] [INFO] skipped config 1, latest config 1	[handle_commit.cxx:418, commit_conf()]
2023-05-05T04:04:06.844_027-05:00 [29112] [INFO] config at index 2 is committed, prev config log idx 1	[handle_commit.cxx:409, commit_conf()]
2023-05-05T04:04:06.844_040-05:00 [29112] [INFO] new config log idx 2, prev log idx 1, cur config log idx 1, prev log idx 0	[handle_commit.cxx:649, reconfigure()]
2023-05-05T04:04:06.844_056-05:00 [29112] [INFO] now this node is the part of cluster, catch-up process is done, clearing the flag	[handle_commit.cxx:683, reconfigure()]
2023-05-05T04:04:06.844_094-05:00 [29112] [INFO] new configuration: log idx 2, prev log idx 1
peer 2, DC ID 0, localhost:8080, voting member, 1
peer 1, DC ID 0, localhost:8081, voting member, 1
my id: 1, leader: 2, term: 1	[handle_commit.cxx:865, reconfigure()]
2023-05-05T04:04:14.953_588-05:00 [29111] [ERRO] session 2 failed to read rpc header from socket 127.0.0.1:36622 due to error 2, End of file, ref count 1	[asio_service.cxx:326, operator()()]
2023-05-05T04:04:15.188_733-05:00 [29110] [WARN] Election timeout, initiate leader election	[handle_timeout.cxx:286, handle_election_timeout()]
2023-05-05T04:04:15.188_761-05:00 [29110] [INFO] [ELECTION TIMEOUT] current role: follower, log last term 1, state term 1, target p 1, my p 1, hb alive, pre-vote NOT done	[handle_timeout.cxx:299, handle_election_timeout()]
2023-05-05T04:04:15.188_777-05:00 [29110] [INFO] reset RPC client for peer 2	[handle_vote.cxx:79, request_prevote()]
2023-05-05T04:04:15.188_949-05:00 [29110] [INFO] [PRE-VOTE INIT] my id 1, my role candidate, term 1, log idx 2, log term 1, priority (target 1 / mine 1)	[handle_vote.cxx:134, request_prevote()]
2023-05-05T04:04:15.189_855-05:00 [29109] [WARN] peer (2) response error: failed to connect to peer 2, localhost:8080, error 111, Connection refused	[raft_server.cxx:798, handle_peer_resp()]
2023-05-05T04:04:15.506_472-05:00 [29111] [WARN] Election timeout, initiate leader election	[handle_timeout.cxx:286, handle_election_timeout()]
2023-05-05T04:04:15.506_485-05:00 [29111] [INFO] [PRIORITY] decay, target 1 -> 1, mine 1	[handle_priority.cxx:213, decay_target_priority()]
2023-05-05T04:04:15.506_504-05:00 [29111] [INFO] [ELECTION TIMEOUT] current role: candidate, log last term 1, state term 1, target p 1, my p 1, hb dead, pre-vote NOT done	[handle_timeout.cxx:299, handle_election_timeout()]
2023-05-05T04:04:15.506_518-05:00 [29111] [INFO] reset RPC client for peer 2	[handle_vote.cxx:79, request_prevote()]
2023-05-05T04:04:15.506_617-05:00 [29111] [WARN] total 1 nodes (including this node) responded for pre-vote (term 1, live 0, dead 1), at least 2 nodes should respond. failure count 1	[handle_vote.cxx:90, request_prevote()]
2023-05-05T04:04:15.506_624-05:00 [29111] [INFO] [PRE-VOTE INIT] my id 1, my role candidate, term 1, log idx 2, log term 1, priority (target 1 / mine 1)	[handle_vote.cxx:134, request_prevote()]
2023-05-05T04:04:15.507_137-05:00 [29110] [WARN] peer (2) response error: failed to connect to peer 2, localhost:8080, error 111, Connection refused	[raft_server.cxx:798, handle_peer_resp()]
2023-05-05T04:04:15.808_109-05:00 [29109] [WARN] Election timeout, initiate leader election	[handle_timeout.cxx:286, handle_election_timeout()]
2023-05-05T04:04:15.808_122-05:00 [29109] [INFO] [PRIORITY] decay, target 1 -> 1, mine 1	[handle_priority.cxx:213, decay_target_priority()]
2023-05-05T04:04:15.808_140-05:00 [29109] [INFO] [ELECTION TIMEOUT] current role: candidate, log last term 1, state term 1, target p 1, my p 1, hb dead, pre-vote NOT done	[handle_timeout.cxx:299, handle_election_timeout()]
2023-05-05T04:04:15.808_151-05:00 [29109] [INFO] reset RPC client for peer 2	[handle_vote.cxx:79, request_prevote()]
2023-05-05T04:04:15.808_248-05:00 [29109] [WARN] total 1 nodes (including this node) responded for pre-vote (term 1, live 0, dead 1), at least 2 nodes should respond. failure count 2	[handle_vote.cxx:90, request_prevote()]
2023-05-05T04:04:15.808_254-05:00 [29109] [INFO] [PRE-VOTE INIT] my id 1, my role candidate, term 1, log idx 2, log term 1, priority (target 1 / mine 1)	[handle_vote.cxx:134, request_prevote()]
2023-05-05T04:04:15.808_631-05:00 [29108] [WARN] peer (2) response error: failed to connect to peer 2, localhost:8080, error 111, Connection refused	[raft_server.cxx:798, handle_peer_resp()]
2023-05-05T04:04:16.070_524-05:00 [29111] [WARN] Election timeout, initiate leader election	[handle_timeout.cxx:286, handle_election_timeout()]
2023-05-05T04:04:16.070_540-05:00 [29111] [INFO] [PRIORITY] decay, target 1 -> 1, mine 1	[handle_priority.cxx:213, decay_target_priority()]
2023-05-05T04:04:16.070_565-05:00 [29111] [INFO] [ELECTION TIMEOUT] current role: candidate, log last term 1, state term 1, target p 1, my p 1, hb dead, pre-vote NOT done	[handle_timeout.cxx:299, handle_election_timeout()]
2023-05-05T04:04:16.070_581-05:00 [29111] [INFO] reset RPC client for peer 2	[handle_vote.cxx:79, request_prevote()]
2023-05-05T04:04:16.070_663-05:00 [29111] [WARN] total 1 nodes (including this node) responded for pre-vote (term 1, live 0, dead 1), at least 2 nodes should respond. failure count 3	[handle_vote.cxx:90, request_prevote()]
2023-05-05T04:04:16.070_671-05:00 [29111] [INFO] [PRE-VOTE INIT] my id 1, my role candidate, term 1, log idx 2, log term 1, priority (target 1 / mine 1)	[handle_vote.cxx:134, request_prevote()]
2023-05-05T04:04:16.071_108-05:00 [29108] [WARN] peer (2) response error: failed to connect to peer 2, localhost:8080, error 111, Connection refused	[raft_server.cxx:798, handle_peer_resp()]
2023-05-05T04:04:16.456_970-05:00 [29109] [WARN] Election timeout, initiate leader election	[handle_timeout.cxx:286, handle_election_timeout()]
2023-05-05T04:04:16.456_984-05:00 [29109] [INFO] [PRIORITY] decay, target 1 -> 1, mine 1	[handle_priority.cxx:213, decay_target_priority()]
2023-05-05T04:04:16.457_002-05:00 [29109] [INFO] [ELECTION TIMEOUT] current role: candidate, log last term 1, state term 1, target p 1, my p 1, hb dead, pre-vote NOT done	[handle_timeout.cxx:299, handle_election_timeout()]
2023-05-05T04:04:16.457_013-05:00 [29109] [INFO] reset RPC client for peer 2	[handle_vote.cxx:79, request_prevote()]
2023-05-05T04:04:16.457_103-05:00 [29109] [WARN] total 1 nodes (including this node) responded for pre-vote (term 1, live 0, dead 1), at least 2 nodes should respond. failure count 4	[handle_vote.cxx:90, request_prevote()]
2023-05-05T04:04:16.457_109-05:00 [29109] [INFO] [PRE-VOTE INIT] my id 1, my role candidate, term 1, log idx 2, log term 1, priority (target 1 / mine 1)	[handle_vote.cxx:134, request_prevote()]
2023-05-05T04:04:16.457_632-05:00 [29111] [WARN] peer (2) response error: failed to connect to peer 2, localhost:8080, error 111, Connection refused	[raft_server.cxx:798, handle_peer_resp()]
2023-05-05T04:04:16.769_629-05:00 [29108] [WARN] Election timeout, initiate leader election	[handle_timeout.cxx:286, handle_election_timeout()]
2023-05-05T04:04:16.769_643-05:00 [29108] [INFO] [PRIORITY] decay, target 1 -> 1, mine 1	[handle_priority.cxx:213, decay_target_priority()]
2023-05-05T04:04:16.769_662-05:00 [29108] [INFO] [ELECTION TIMEOUT] current role: candidate, log last term 1, state term 1, target p 1, my p 1, hb dead, pre-vote NOT done	[handle_timeout.cxx:299, handle_election_timeout()]
2023-05-05T04:04:16.769_672-05:00 [29108] [INFO] reset RPC client for peer 2	[handle_vote.cxx:79, request_prevote()]
2023-05-05T04:04:16.769_766-05:00 [29108] [WARN] total 1 nodes (including this node) responded for pre-vote (term 1, live 0, dead 1), at least 2 nodes should respond. failure count 5	[handle_vote.cxx:90, request_prevote()]
2023-05-05T04:04:16.769_773-05:00 [29108] [INFO] [PRE-VOTE INIT] my id 1, my role candidate, term 1, log idx 2, log term 1, priority (target 1 / mine 1)	[handle_vote.cxx:134, request_prevote()]
2023-05-05T04:04:16.770_257-05:00 [29109] [WARN] peer (2) response error: failed to connect to peer 2, localhost:8080, error 111, Connection refused	[raft_server.cxx:798, handle_peer_resp()]
2023-05-05T04:04:17.125_048-05:00 [29110] [WARN] Election timeout, initiate leader election	[handle_timeout.cxx:286, handle_election_timeout()]
2023-05-05T04:04:17.125_061-05:00 [29110] [INFO] [PRIORITY] decay, target 1 -> 1, mine 1	[handle_priority.cxx:213, decay_target_priority()]
2023-05-05T04:04:17.125_086-05:00 [29110] [INFO] [ELECTION TIMEOUT] current role: candidate, log last term 1, state term 1, target p 1, my p 1, hb dead, pre-vote NOT done	[handle_timeout.cxx:299, handle_election_timeout()]
2023-05-05T04:04:17.125_102-05:00 [29110] [INFO] reset RPC client for peer 2	[handle_vote.cxx:79, request_prevote()]
2023-05-05T04:04:17.125_197-05:00 [29110] [WARN] total 1 nodes (including this node) responded for pre-vote (term 1, live 0, dead 1), at least 2 nodes should respond. failure count 6	[handle_vote.cxx:90, request_prevote()]
2023-05-05T04:04:17.125_208-05:00 [29110] [INFO] [PRE-VOTE INIT] my id 1, my role candidate, term 1, log idx 2, log term 1, priority (target 1 / mine 1)	[handle_vote.cxx:134, request_prevote()]
2023-05-05T04:04:17.125_923-05:00 [29108] [WARN] peer (2) response error: failed to connect to peer 2, localhost:8080, error 111, Connection refused	[raft_server.cxx:798, handle_peer_resp()]
2023-05-05T04:04:17.395_726-05:00 [29109] [WARN] Election timeout, initiate leader election	[handle_timeout.cxx:286, handle_election_timeout()]
2023-05-05T04:04:17.395_740-05:00 [29109] [INFO] [PRIORITY] decay, target 1 -> 1, mine 1	[handle_priority.cxx:213, decay_target_priority()]
2023-05-05T04:04:17.395_759-05:00 [29109] [INFO] [ELECTION TIMEOUT] current role: candidate, log last term 1, state term 1, target p 1, my p 1, hb dead, pre-vote NOT done	[handle_timeout.cxx:299, handle_election_timeout()]
2023-05-05T04:04:17.395_770-05:00 [29109] [INFO] reset RPC client for peer 2	[handle_vote.cxx:79, request_prevote()]
2023-05-05T04:04:17.395_839-05:00 [29109] [WARN] total 1 nodes (including this node) responded for pre-vote (term 1, live 0, dead 1), at least 2 nodes should respond. failure count 7	[handle_vote.cxx:90, request_prevote()]
2023-05-05T04:04:17.395_846-05:00 [29109] [INFO] [PRE-VOTE INIT] my id 1, my role candidate, term 1, log idx 2, log term 1, priority (target 1 / mine 1)	[handle_vote.cxx:134, request_prevote()]
2023-05-05T04:04:17.396_303-05:00 [29110] [WARN] peer (2) response error: failed to connect to peer 2, localhost:8080, error 111, Connection refused	[raft_server.cxx:798, handle_peer_resp()]
2023-05-05T04:04:17.654_348-05:00 [29108] [WARN] Election timeout, initiate leader election	[handle_timeout.cxx:286, handle_election_timeout()]
2023-05-05T04:04:17.654_362-05:00 [29108] [INFO] [PRIORITY] decay, target 1 -> 1, mine 1	[handle_priority.cxx:213, decay_target_priority()]
2023-05-05T04:04:17.654_384-05:00 [29108] [INFO] [ELECTION TIMEOUT] current role: candidate, log last term 1, state term 1, target p 1, my p 1, hb dead, pre-vote NOT done	[handle_timeout.cxx:299, handle_election_timeout()]
2023-05-05T04:04:17.654_397-05:00 [29108] [INFO] reset RPC client for peer 2	[handle_vote.cxx:79, request_prevote()]
2023-05-05T04:04:17.654_475-05:00 [29108] [WARN] total 1 nodes (including this node) responded for pre-vote (term 1, live 0, dead 1), at least 2 nodes should respond. failure count 8	[handle_vote.cxx:90, request_prevote()]
2023-05-05T04:04:17.654_485-05:00 [29108] [INFO] [PRE-VOTE INIT] my id 1, my role candidate, term 1, log idx 2, log term 1, priority (target 1 / mine 1)	[handle_vote.cxx:134, request_prevote()]
2023-05-05T04:04:17.655_014-05:00 [29111] [WARN] peer (2) response error: failed to connect to peer 2, localhost:8080, error 111, Connection refused	[raft_server.cxx:798, handle_peer_resp()]
2023-05-05T04:04:17.677_652-05:00 [29105] [INFO] shutting down raft core	[raft_server.cxx:447, shutdown()]
2023-05-05T04:04:17.677_698-05:00 [29105] [INFO] sent stop signal to the commit thread.	[raft_server.cxx:466, shutdown()]
2023-05-05T04:04:17.677_774-05:00 [29105] [INFO] cancelled all schedulers.	[raft_server.cxx:472, shutdown()]
2023-05-05T04:04:17.677_777-05:00 [29105] [INFO] commit thread stopped.	[raft_server.cxx:482, shutdown()]
2023-05-05T04:04:17.677_792-05:00 [29105] [INFO] all pending commit elements dropped.	[raft_server.cxx:486, shutdown()]
2023-05-05T04:04:17.677_801-05:00 [29105] [INFO] reset all pointers.	[raft_server.cxx:496, shutdown()]
2023-05-05T04:04:17.677_807-05:00 [29105] [INFO] joined terminated commit thread.	[raft_server.cxx:511, shutdown()]
2023-05-05T04:04:17.677_914-05:00 [29113] [INFO] bg append_entries thread terminated	[handle_append_entries.cxx:113, append_entries_in_bg()]
2023-05-05T04:04:17.677_950-05:00 [29105] [INFO] sent stop signal to background append thread.	[raft_server.cxx:518, shutdown()]
2023-05-05T04:04:17.677_961-05:00 [29105] [INFO] clean up auto-forwarding queue: 0 elems	[raft_server.cxx:526, shutdown()]
2023-05-05T04:04:17.677_966-05:00 [29105] [INFO] clean up auto-forwarding clients	[raft_server.cxx:530, shutdown()]
2023-05-05T04:04:17.677_977-05:00 [29105] [INFO] raft_server shutdown completed.	[raft_server.cxx:533, shutdown()]
2023-05-05T04:04:17.678_210-05:00 [29111] [INFO] end of asio worker thread, remaining threads: 2	[asio_service.cxx:1828, worker_entry()]
2023-05-05T04:04:17.678_210-05:00 [29110] [INFO] end of asio worker thread, remaining threads: 2	[asio_service.cxx:1828, worker_entry()]
2023-05-05T04:04:17.678_225-05:00 [29109] [INFO] end of asio worker thread, remaining threads: 1	[asio_service.cxx:1828, worker_entry()]
2023-05-05T04:04:17.678_243-05:00 [29108] [INFO] end of asio worker thread, remaining threads: 0	[asio_service.cxx:1828, worker_entry()]
2023-05-05T04:04:17.689_848-05:00 [29105] [====] Stop logger: ./srv1.log	[consensus.cc:1442, stop()]
2023-05-05T04:13:52.701_788-05:00 [768] [====] Start logger: ./srv1.log (32 MB per file, up to 10 files)	[consensus.cc:1425, start()]
2023-05-05T04:13:52.707_642-05:00 [768] [INFO] Raft ASIO listener initiated, UNSECURED	[asio_service.cxx:770, asio_rpc_listener()]
2023-05-05T04:13:52.707_854-05:00 [768] [INFO] parameters: timeout 200 - 400, heartbeat 100, leadership expiry 2000, max batch 100, backoff 50, snapshot distance 5, enable randomized snapshot creation NO, log sync stop gap 99999, reserved logs 5, client timeout 3000, auto forwarding OFF, API call type BLOCKING, custom commit quorum size 0, custom election quorum size 0, snapshot receiver INCLUDED, leadership transfer wait time 0, grace period of lagging state machine 0, snapshot IO: BLOCKING, parallel log appending: OFF	[raft_server.cxx:384, apply_and_log_current_params()]
2023-05-05T04:13:52.707_999-05:00 [768] [INFO] new timeout range: 200 -- 400	[raft_server.cxx:342, update_rand_timeout()]
2023-05-05T04:13:52.708_145-05:00 [768] [INFO]    === INIT RAFT SERVER ===
commit index 0
term 0
election timer allowed
log store start 1, end 0
config log idx 0, prev log idx 0	[raft_server.cxx:166, raft_server()]
2023-05-05T04:13:52.708_269-05:00 [768] [INFO] peer 1: DC ID 0, localhost:8081, voting member, 1
my id: 1, voting_member
num peers: 0	[raft_server.cxx:257, raft_server()]
2023-05-05T04:13:52.708_316-05:00 [768] [INFO] global manager does not exist. will use local thread for commit and append	[raft_server.cxx:275, start_server()]
2023-05-05T04:13:52.708_517-05:00 [768] [INFO] wait for HB, for 50 + [200, 400] ms	[raft_server.cxx:300, start_server()]
2023-05-05T04:13:52.708_560-05:00 [776] [INFO] bg append_entries thread initiated	[handle_append_entries.cxx:104, append_entries_in_bg()]
2023-05-05T04:13:53.084_036-05:00 [773] [WARN] Election timeout, initiate leader election	[handle_timeout.cxx:286, handle_election_timeout()]
2023-05-05T04:13:53.084_053-05:00 [773] [INFO] [PRIORITY] decay, target 1 -> 1, mine 1	[handle_priority.cxx:213, decay_target_priority()]
2023-05-05T04:13:53.084_103-05:00 [773] [INFO] [ELECTION TIMEOUT] current role: follower, log last term 0, state term 0, target p 1, my p 1, hb dead, pre-vote NOT done	[handle_timeout.cxx:299, handle_election_timeout()]
2023-05-05T04:13:53.084_147-05:00 [773] [INFO] [VOTE INIT] my id 1, my role candidate, term 1, log idx 0, log term 0, priority (target 1 / mine 1)	[handle_vote.cxx:228, request_vote()]
2023-05-05T04:13:53.084_171-05:00 [773] [INFO] number of pending commit elements: 0	[raft_server.cxx:988, become_leader()]
2023-05-05T04:13:53.084_183-05:00 [773] [INFO] state machine commit index 0, precommit index 0, last log index 0	[raft_server.cxx:1001, become_leader()]
2023-05-05T04:13:53.084_313-05:00 [773] [INFO] [BECOME LEADER] appended new config at 1	[raft_server.cxx:1044, become_leader()]
2023-05-05T04:13:53.084_453-05:00 [775] [INFO] config at index 1 is committed, prev config log idx 0	[handle_commit.cxx:409, commit_conf()]
2023-05-05T04:13:53.084_483-05:00 [775] [INFO] new config log idx 1, prev log idx 0, cur config log idx 0, prev log idx 0	[handle_commit.cxx:649, reconfigure()]
2023-05-05T04:13:53.084_545-05:00 [775] [INFO] new configuration: log idx 1, prev log idx 0
peer 1, DC ID 0, localhost:8081, voting member, 1
my id: 1, leader: 1, term: 1	[handle_commit.cxx:865, reconfigure()]
2023-05-05T04:22:59.050_052-05:00 [4061] [====] Start logger: ./srv1.log (32 MB per file, up to 10 files)	[consensus.cc:1425, start()]
2023-05-05T04:22:59.056_354-05:00 [4061] [INFO] Raft ASIO listener initiated, UNSECURED	[asio_service.cxx:770, asio_rpc_listener()]
2023-05-05T04:22:59.056_528-05:00 [4061] [INFO] parameters: timeout 200 - 400, heartbeat 100, leadership expiry 2000, max batch 100, backoff 50, snapshot distance 5, enable randomized snapshot creation NO, log sync stop gap 99999, reserved logs 5, client timeout 3000, auto forwarding OFF, API call type BLOCKING, custom commit quorum size 0, custom election quorum size 0, snapshot receiver INCLUDED, leadership transfer wait time 0, grace period of lagging state machine 0, snapshot IO: BLOCKING, parallel log appending: OFF	[raft_server.cxx:384, apply_and_log_current_params()]
2023-05-05T04:22:59.056_553-05:00 [4061] [INFO] new timeout range: 200 -- 400	[raft_server.cxx:342, update_rand_timeout()]
2023-05-05T04:22:59.056_600-05:00 [4061] [INFO]    === INIT RAFT SERVER ===
commit index 0
term 0
election timer allowed
log store start 1, end 0
config log idx 0, prev log idx 0	[raft_server.cxx:166, raft_server()]
2023-05-05T04:22:59.056_618-05:00 [4061] [INFO] peer 1: DC ID 0, localhost:8081, voting member, 1
my id: 1, voting_member
num peers: 0	[raft_server.cxx:257, raft_server()]
2023-05-05T04:22:59.056_634-05:00 [4061] [INFO] global manager does not exist. will use local thread for commit and append	[raft_server.cxx:275, start_server()]
2023-05-05T04:22:59.056_767-05:00 [4061] [INFO] wait for HB, for 50 + [200, 400] ms	[raft_server.cxx:300, start_server()]
2023-05-05T04:22:59.056_804-05:00 [4072] [INFO] bg append_entries thread initiated	[handle_append_entries.cxx:104, append_entries_in_bg()]
2023-05-05T04:22:59.322_689-05:00 [4068] [WARN] Election timeout, initiate leader election	[handle_timeout.cxx:286, handle_election_timeout()]
2023-05-05T04:22:59.322_702-05:00 [4068] [INFO] [PRIORITY] decay, target 1 -> 1, mine 1	[handle_priority.cxx:213, decay_target_priority()]
2023-05-05T04:22:59.322_742-05:00 [4068] [INFO] [ELECTION TIMEOUT] current role: follower, log last term 0, state term 0, target p 1, my p 1, hb dead, pre-vote NOT done	[handle_timeout.cxx:299, handle_election_timeout()]
2023-05-05T04:22:59.322_767-05:00 [4068] [INFO] [VOTE INIT] my id 1, my role candidate, term 1, log idx 0, log term 0, priority (target 1 / mine 1)	[handle_vote.cxx:228, request_vote()]
2023-05-05T04:22:59.322_786-05:00 [4068] [INFO] number of pending commit elements: 0	[raft_server.cxx:988, become_leader()]
2023-05-05T04:22:59.322_795-05:00 [4068] [INFO] state machine commit index 0, precommit index 0, last log index 0	[raft_server.cxx:1001, become_leader()]
2023-05-05T04:22:59.322_894-05:00 [4068] [INFO] [BECOME LEADER] appended new config at 1	[raft_server.cxx:1044, become_leader()]
2023-05-05T04:22:59.323_062-05:00 [4071] [INFO] config at index 1 is committed, prev config log idx 0	[handle_commit.cxx:409, commit_conf()]
2023-05-05T04:22:59.323_085-05:00 [4071] [INFO] new config log idx 1, prev log idx 0, cur config log idx 0, prev log idx 0	[handle_commit.cxx:649, reconfigure()]
2023-05-05T04:22:59.323_133-05:00 [4071] [INFO] new configuration: log idx 1, prev log idx 0
peer 1, DC ID 0, localhost:8081, voting member, 1
my id: 1, leader: 1, term: 1	[handle_commit.cxx:865, reconfigure()]
2023-05-05T04:23:02.288_844-05:00 [4061] [INFO] shutting down raft core	[raft_server.cxx:447, shutdown()]
2023-05-05T04:23:02.288_895-05:00 [4061] [INFO] sent stop signal to the commit thread.	[raft_server.cxx:466, shutdown()]
2023-05-05T04:23:02.288_914-05:00 [4061] [INFO] cancelled all schedulers.	[raft_server.cxx:472, shutdown()]
2023-05-05T04:23:02.288_916-05:00 [4061] [INFO] commit thread stopped.	[raft_server.cxx:482, shutdown()]
2023-05-05T04:23:02.288_931-05:00 [4061] [INFO] all pending commit elements dropped.	[raft_server.cxx:486, shutdown()]
2023-05-05T04:23:02.288_942-05:00 [4061] [INFO] reset all pointers.	[raft_server.cxx:496, shutdown()]
2023-05-05T04:23:02.288_948-05:00 [4061] [INFO] joined terminated commit thread.	[raft_server.cxx:511, shutdown()]
2023-05-05T04:23:02.289_038-05:00 [4072] [INFO] bg append_entries thread terminated	[handle_append_entries.cxx:113, append_entries_in_bg()]
2023-05-05T04:23:02.289_046-05:00 [4061] [INFO] sent stop signal to background append thread.	[raft_server.cxx:518, shutdown()]
2023-05-05T04:23:02.289_088-05:00 [4061] [INFO] clean up auto-forwarding queue: 0 elems	[raft_server.cxx:526, shutdown()]
2023-05-05T04:23:02.289_095-05:00 [4061] [INFO] clean up auto-forwarding clients	[raft_server.cxx:530, shutdown()]
2023-05-05T04:23:02.289_109-05:00 [4061] [INFO] raft_server shutdown completed.	[raft_server.cxx:533, shutdown()]
2023-05-05T04:23:02.289_256-05:00 [4068] [INFO] end of asio worker thread, remaining threads: 1	[asio_service.cxx:1828, worker_entry()]
2023-05-05T04:23:02.289_264-05:00 [4067] [ERRO] failed to accept a rpc connection due to error 125, Operation aborted.	[asio_service.cxx:840, handle_accept()]
2023-05-05T04:23:02.289_276-05:00 [4070] [INFO] end of asio worker thread, remaining threads: 1	[asio_service.cxx:1828, worker_entry()]
2023-05-05T04:23:02.289_311-05:00 [4066] [INFO] end of asio worker thread, remaining threads: 1	[asio_service.cxx:1828, worker_entry()]
2023-05-05T04:23:02.289_321-05:00 [4067] [INFO] end of asio worker thread, remaining threads: 0	[asio_service.cxx:1828, worker_entry()]
2023-05-05T04:23:02.300_886-05:00 [4061] [====] Stop logger: ./srv1.log	[consensus.cc:1442, stop()]
2023-05-05T04:25:57.922_502-05:00 [5184] [====] Start logger: ./srv1.log (32 MB per file, up to 10 files)	[consensus.cc:1425, start()]
2023-05-05T04:25:57.928_311-05:00 [5184] [INFO] Raft ASIO listener initiated, UNSECURED	[asio_service.cxx:770, asio_rpc_listener()]
2023-05-05T04:25:57.928_479-05:00 [5184] [INFO] parameters: timeout 200 - 400, heartbeat 100, leadership expiry 2000, max batch 100, backoff 50, snapshot distance 5, enable randomized snapshot creation NO, log sync stop gap 99999, reserved logs 5, client timeout 3000, auto forwarding OFF, API call type BLOCKING, custom commit quorum size 0, custom election quorum size 0, snapshot receiver INCLUDED, leadership transfer wait time 0, grace period of lagging state machine 0, snapshot IO: BLOCKING, parallel log appending: OFF	[raft_server.cxx:384, apply_and_log_current_params()]
2023-05-05T04:25:57.928_504-05:00 [5184] [INFO] new timeout range: 200 -- 400	[raft_server.cxx:342, update_rand_timeout()]
2023-05-05T04:25:57.928_551-05:00 [5184] [INFO]    === INIT RAFT SERVER ===
commit index 0
term 0
election timer allowed
log store start 1, end 0
config log idx 0, prev log idx 0	[raft_server.cxx:166, raft_server()]
2023-05-05T04:25:57.928_569-05:00 [5184] [INFO] peer 1: DC ID 0, localhost:8081, voting member, 1
my id: 1, voting_member
num peers: 0	[raft_server.cxx:257, raft_server()]
2023-05-05T04:25:57.928_583-05:00 [5184] [INFO] global manager does not exist. will use local thread for commit and append	[raft_server.cxx:275, start_server()]
2023-05-05T04:25:57.928_681-05:00 [5184] [INFO] wait for HB, for 50 + [200, 400] ms	[raft_server.cxx:300, start_server()]
2023-05-05T04:25:57.928_717-05:00 [5192] [INFO] bg append_entries thread initiated	[handle_append_entries.cxx:104, append_entries_in_bg()]
2023-05-05T04:25:58.180_207-05:00 [5189] [WARN] Election timeout, initiate leader election	[handle_timeout.cxx:286, handle_election_timeout()]
2023-05-05T04:25:58.180_221-05:00 [5189] [INFO] [PRIORITY] decay, target 1 -> 1, mine 1	[handle_priority.cxx:213, decay_target_priority()]
2023-05-05T04:25:58.180_292-05:00 [5189] [INFO] [ELECTION TIMEOUT] current role: follower, log last term 0, state term 0, target p 1, my p 1, hb dead, pre-vote NOT done	[handle_timeout.cxx:299, handle_election_timeout()]
2023-05-05T04:25:58.180_319-05:00 [5189] [INFO] [VOTE INIT] my id 1, my role candidate, term 1, log idx 0, log term 0, priority (target 1 / mine 1)	[handle_vote.cxx:228, request_vote()]
2023-05-05T04:25:58.180_339-05:00 [5189] [INFO] number of pending commit elements: 0	[raft_server.cxx:988, become_leader()]
2023-05-05T04:25:58.180_347-05:00 [5189] [INFO] state machine commit index 0, precommit index 0, last log index 0	[raft_server.cxx:1001, become_leader()]
2023-05-05T04:25:58.180_444-05:00 [5189] [INFO] [BECOME LEADER] appended new config at 1	[raft_server.cxx:1044, become_leader()]
2023-05-05T04:25:58.180_573-05:00 [5191] [INFO] config at index 1 is committed, prev config log idx 0	[handle_commit.cxx:409, commit_conf()]
2023-05-05T04:25:58.180_592-05:00 [5191] [INFO] new config log idx 1, prev log idx 0, cur config log idx 0, prev log idx 0	[handle_commit.cxx:649, reconfigure()]
2023-05-05T04:25:58.180_637-05:00 [5191] [INFO] new configuration: log idx 1, prev log idx 0
peer 1, DC ID 0, localhost:8081, voting member, 1
my id: 1, leader: 1, term: 1	[handle_commit.cxx:865, reconfigure()]
2023-05-05T04:26:00.954_625-05:00 [5184] [INFO] shutting down raft core	[raft_server.cxx:447, shutdown()]
2023-05-05T04:26:00.954_675-05:00 [5184] [INFO] sent stop signal to the commit thread.	[raft_server.cxx:466, shutdown()]
2023-05-05T04:26:00.954_696-05:00 [5184] [INFO] cancelled all schedulers.	[raft_server.cxx:472, shutdown()]
2023-05-05T04:26:00.954_699-05:00 [5184] [INFO] commit thread stopped.	[raft_server.cxx:482, shutdown()]
2023-05-05T04:26:00.954_716-05:00 [5184] [INFO] all pending commit elements dropped.	[raft_server.cxx:486, shutdown()]
2023-05-05T04:26:00.954_729-05:00 [5184] [INFO] reset all pointers.	[raft_server.cxx:496, shutdown()]
2023-05-05T04:26:00.954_736-05:00 [5184] [INFO] joined terminated commit thread.	[raft_server.cxx:511, shutdown()]
2023-05-05T04:26:00.954_787-05:00 [5184] [INFO] sent stop signal to background append thread.	[raft_server.cxx:518, shutdown()]
2023-05-05T04:26:00.954_788-05:00 [5192] [INFO] bg append_entries thread terminated	[handle_append_entries.cxx:113, append_entries_in_bg()]
2023-05-05T04:26:00.954_844-05:00 [5184] [INFO] clean up auto-forwarding queue: 0 elems	[raft_server.cxx:526, shutdown()]
2023-05-05T04:26:00.954_854-05:00 [5184] [INFO] clean up auto-forwarding clients	[raft_server.cxx:530, shutdown()]
2023-05-05T04:26:00.954_869-05:00 [5184] [INFO] raft_server shutdown completed.	[raft_server.cxx:533, shutdown()]
2023-05-05T04:26:00.955_051-05:00 [5190] [INFO] end of asio worker thread, remaining threads: 3	[asio_service.cxx:1828, worker_entry()]
2023-05-05T04:26:00.955_068-05:00 [5188] [ERRO] failed to accept a rpc connection due to error 125, Operation aborted.	[asio_service.cxx:840, handle_accept()]
2023-05-05T04:26:00.955_072-05:00 [5187] [INFO] end of asio worker thread, remaining threads: 2	[asio_service.cxx:1828, worker_entry()]
2023-05-05T04:26:00.955_112-05:00 [5189] [INFO] end of asio worker thread, remaining threads: 1	[asio_service.cxx:1828, worker_entry()]
2023-05-05T04:26:00.955_132-05:00 [5188] [INFO] end of asio worker thread, remaining threads: 0	[asio_service.cxx:1828, worker_entry()]
2023-05-05T04:26:00.966_681-05:00 [5184] [====] Stop logger: ./srv1.log	[consensus.cc:1442, stop()]
