2023-05-05T03:08:32.242_967-05:00 [12707] [====] Start logger: ./srv2.log (32 MB per file, up to 10 files)	[consensus.cc:1425, start()]
2023-05-05T03:08:32.247_483-05:00 [12707] [INFO] Raft ASIO listener initiated, UNSECURED	[asio_service.cxx:770, asio_rpc_listener()]
2023-05-05T03:08:32.247_741-05:00 [12707] [INFO] parameters: timeout 200 - 400, heartbeat 100, leadership expiry 2000, max batch 100, backoff 50, snapshot distance 5, enable randomized snapshot creation NO, log sync stop gap 99999, reserved logs 5, client timeout 3000, auto forwarding OFF, API call type BLOCKING, custom commit quorum size 0, custom election quorum size 0, snapshot receiver INCLUDED, leadership transfer wait time 0, grace period of lagging state machine 0, snapshot IO: BLOCKING, parallel log appending: OFF	[raft_server.cxx:384, apply_and_log_current_params()]
2023-05-05T03:08:32.247_778-05:00 [12707] [INFO] new timeout range: 200 -- 400	[raft_server.cxx:342, update_rand_timeout()]
2023-05-05T03:08:32.247_837-05:00 [12707] [INFO]    === INIT RAFT SERVER ===
commit index 0
term 0
election timer allowed
log store start 1, end 0
config log idx 0, prev log idx 0	[raft_server.cxx:166, raft_server()]
2023-05-05T03:08:32.247_862-05:00 [12707] [INFO] peer 2: DC ID 0, localhost:8080, voting member, 1
my id: 2, voting_member
num peers: 0	[raft_server.cxx:257, raft_server()]
2023-05-05T03:08:32.247_880-05:00 [12707] [INFO] global manager does not exist. will use local thread for commit and append	[raft_server.cxx:275, start_server()]
2023-05-05T03:08:32.248_025-05:00 [12707] [INFO] wait for HB, for 50 + [200, 400] ms	[raft_server.cxx:300, start_server()]
2023-05-05T03:08:32.248_097-05:00 [12715] [INFO] bg append_entries thread initiated	[handle_append_entries.cxx:104, append_entries_in_bg()]
2023-05-05T03:08:32.557_545-05:00 [12712] [WARN] Election timeout, initiate leader election	[handle_timeout.cxx:286, handle_election_timeout()]
2023-05-05T03:08:32.557_561-05:00 [12712] [INFO] [PRIORITY] decay, target 1 -> 1, mine 1	[handle_priority.cxx:213, decay_target_priority()]
2023-05-05T03:08:32.557_610-05:00 [12712] [INFO] [ELECTION TIMEOUT] current role: follower, log last term 0, state term 0, target p 1, my p 1, hb dead, pre-vote NOT done	[handle_timeout.cxx:299, handle_election_timeout()]
2023-05-05T03:08:32.557_643-05:00 [12712] [INFO] [VOTE INIT] my id 2, my role candidate, term 1, log idx 0, log term 0, priority (target 1 / mine 1)	[handle_vote.cxx:228, request_vote()]
2023-05-05T03:08:32.557_667-05:00 [12712] [INFO] number of pending commit elements: 0	[raft_server.cxx:988, become_leader()]
2023-05-05T03:08:32.557_677-05:00 [12712] [INFO] state machine commit index 0, precommit index 0, last log index 0	[raft_server.cxx:1001, become_leader()]
2023-05-05T03:08:32.557_799-05:00 [12712] [INFO] [BECOME LEADER] appended new config at 1	[raft_server.cxx:1044, become_leader()]
2023-05-05T03:08:32.557_922-05:00 [12714] [INFO] config at index 1 is committed, prev config log idx 0	[handle_commit.cxx:409, commit_conf()]
2023-05-05T03:08:32.557_950-05:00 [12714] [INFO] new config log idx 1, prev log idx 0, cur config log idx 0, prev log idx 0	[handle_commit.cxx:649, reconfigure()]
2023-05-05T03:08:32.558_004-05:00 [12714] [INFO] new configuration: log idx 1, prev log idx 0
peer 2, DC ID 0, localhost:8080, voting member, 1
my id: 2, leader: 2, term: 1	[handle_commit.cxx:865, reconfigure()]
2023-05-05T03:08:52.242_155-05:00 [12707] [INFO] shutting down raft core	[raft_server.cxx:447, shutdown()]
2023-05-05T03:08:52.242_205-05:00 [12707] [INFO] sent stop signal to the commit thread.	[raft_server.cxx:466, shutdown()]
2023-05-05T03:08:52.242_224-05:00 [12707] [INFO] cancelled all schedulers.	[raft_server.cxx:472, shutdown()]
2023-05-05T03:08:52.242_315-05:00 [12707] [INFO] commit thread stopped.	[raft_server.cxx:482, shutdown()]
2023-05-05T03:08:52.242_336-05:00 [12707] [INFO] all pending commit elements dropped.	[raft_server.cxx:486, shutdown()]
2023-05-05T03:08:52.242_348-05:00 [12707] [INFO] reset all pointers.	[raft_server.cxx:496, shutdown()]
2023-05-05T03:08:52.242_354-05:00 [12707] [INFO] joined terminated commit thread.	[raft_server.cxx:511, shutdown()]
2023-05-05T03:08:52.242_415-05:00 [12707] [INFO] sent stop signal to background append thread.	[raft_server.cxx:518, shutdown()]
2023-05-05T03:08:52.242_418-05:00 [12715] [INFO] bg append_entries thread terminated	[handle_append_entries.cxx:113, append_entries_in_bg()]
2023-05-05T03:08:52.242_501-05:00 [12707] [INFO] clean up auto-forwarding queue: 0 elems	[raft_server.cxx:526, shutdown()]
2023-05-05T03:08:52.242_509-05:00 [12707] [INFO] clean up auto-forwarding clients	[raft_server.cxx:530, shutdown()]
2023-05-05T03:08:52.242_523-05:00 [12707] [INFO] raft_server shutdown completed.	[raft_server.cxx:533, shutdown()]
2023-05-05T03:08:52.242_666-05:00 [12710] [ERRO] failed to accept a rpc connection due to error 125, Operation aborted.	[asio_service.cxx:840, handle_accept()]
2023-05-05T03:08:52.242_676-05:00 [12712] [INFO] end of asio worker thread, remaining threads: 1	[asio_service.cxx:1828, worker_entry()]
2023-05-05T03:08:52.242_720-05:00 [12710] [INFO] end of asio worker thread, remaining threads: 0	[asio_service.cxx:1828, worker_entry()]
2023-05-05T03:08:52.242_670-05:00 [12713] [INFO] end of asio worker thread, remaining threads: 3	[asio_service.cxx:1828, worker_entry()]
2023-05-05T03:08:52.242_895-05:00 [12711] [INFO] end of asio worker thread, remaining threads: 1	[asio_service.cxx:1828, worker_entry()]
2023-05-05T03:08:52.254_167-05:00 [12707] [====] Stop logger: ./srv2.log	[consensus.cc:1442, stop()]
2023-05-05T04:02:48.553_849-05:00 [28433] [====] Start logger: ./srv2.log (32 MB per file, up to 10 files)	[consensus.cc:1425, start()]
2023-05-05T04:02:48.558_039-05:00 [28433] [INFO] Raft ASIO listener initiated, UNSECURED	[asio_service.cxx:770, asio_rpc_listener()]
2023-05-05T04:02:48.558_212-05:00 [28433] [INFO] parameters: timeout 200 - 400, heartbeat 100, leadership expiry 2000, max batch 100, backoff 50, snapshot distance 5, enable randomized snapshot creation NO, log sync stop gap 99999, reserved logs 5, client timeout 3000, auto forwarding OFF, API call type BLOCKING, custom commit quorum size 0, custom election quorum size 0, snapshot receiver INCLUDED, leadership transfer wait time 0, grace period of lagging state machine 0, snapshot IO: BLOCKING, parallel log appending: OFF	[raft_server.cxx:384, apply_and_log_current_params()]
2023-05-05T04:02:48.558_240-05:00 [28433] [INFO] new timeout range: 200 -- 400	[raft_server.cxx:342, update_rand_timeout()]
2023-05-05T04:02:48.558_287-05:00 [28433] [INFO]    === INIT RAFT SERVER ===
commit index 0
term 0
election timer allowed
log store start 1, end 0
config log idx 0, prev log idx 0	[raft_server.cxx:166, raft_server()]
2023-05-05T04:02:48.558_305-05:00 [28433] [INFO] peer 2: DC ID 0, localhost:8080, voting member, 1
my id: 2, voting_member
num peers: 0	[raft_server.cxx:257, raft_server()]
2023-05-05T04:02:48.558_318-05:00 [28433] [INFO] global manager does not exist. will use local thread for commit and append	[raft_server.cxx:275, start_server()]
2023-05-05T04:02:48.558_437-05:00 [28433] [INFO] wait for HB, for 50 + [200, 400] ms	[raft_server.cxx:300, start_server()]
2023-05-05T04:02:48.558_489-05:00 [28441] [INFO] bg append_entries thread initiated	[handle_append_entries.cxx:104, append_entries_in_bg()]
2023-05-05T04:02:48.927_125-05:00 [28436] [WARN] Election timeout, initiate leader election	[handle_timeout.cxx:286, handle_election_timeout()]
2023-05-05T04:02:48.927_139-05:00 [28436] [INFO] [PRIORITY] decay, target 1 -> 1, mine 1	[handle_priority.cxx:213, decay_target_priority()]
2023-05-05T04:02:48.927_177-05:00 [28436] [INFO] [ELECTION TIMEOUT] current role: follower, log last term 0, state term 0, target p 1, my p 1, hb dead, pre-vote NOT done	[handle_timeout.cxx:299, handle_election_timeout()]
2023-05-05T04:02:48.927_203-05:00 [28436] [INFO] [VOTE INIT] my id 2, my role candidate, term 1, log idx 0, log term 0, priority (target 1 / mine 1)	[handle_vote.cxx:228, request_vote()]
2023-05-05T04:02:48.927_235-05:00 [28436] [INFO] number of pending commit elements: 0	[raft_server.cxx:988, become_leader()]
2023-05-05T04:02:48.927_243-05:00 [28436] [INFO] state machine commit index 0, precommit index 0, last log index 0	[raft_server.cxx:1001, become_leader()]
2023-05-05T04:02:48.927_340-05:00 [28436] [INFO] [BECOME LEADER] appended new config at 1	[raft_server.cxx:1044, become_leader()]
2023-05-05T04:02:48.927_477-05:00 [28440] [INFO] config at index 1 is committed, prev config log idx 0	[handle_commit.cxx:409, commit_conf()]
2023-05-05T04:02:48.927_527-05:00 [28440] [INFO] new config log idx 1, prev log idx 0, cur config log idx 0, prev log idx 0	[handle_commit.cxx:649, reconfigure()]
2023-05-05T04:02:48.927_578-05:00 [28440] [INFO] new configuration: log idx 1, prev log idx 0
peer 2, DC ID 0, localhost:8080, voting member, 1
my id: 2, leader: 2, term: 1	[handle_commit.cxx:865, reconfigure()]
2023-05-05T04:04:06.739_532-05:00 [28433] [INFO] sent join request to peer 1, localhost:8081	[handle_join_leave.cxx:133, invite_srv_to_join_cluster()]
2023-05-05T04:04:06.740_371-05:00 [28437] [INFO] 0x559a8a7da100 connected to localhost:8081 (as a client)	[asio_service.cxx:1319, connected()]
2023-05-05T04:04:06.741_622-05:00 [28438] [INFO] new server (1) confirms it will join, start syncing logs to it	[handle_join_leave.cxx:202, handle_join_cluster_resp()]
2023-05-05T04:04:06.741_638-05:00 [28438] [INFO] [SYNC LOG] LogSync is done for server 1 with log gap 0 (1 - 1, limit 99999), now put the server into cluster	[handle_join_leave.cxx:225, sync_log_to_new_srv()]
2023-05-05T04:04:06.741_781-05:00 [28440] [INFO] config at index 2 is committed, prev config log idx 1	[handle_commit.cxx:409, commit_conf()]
2023-05-05T04:04:06.741_799-05:00 [28440] [INFO] new config log idx 2, prev log idx 1, cur config log idx 1, prev log idx 0	[handle_commit.cxx:649, reconfigure()]
2023-05-05T04:04:06.741_930-05:00 [28440] [INFO] server 1 is added to cluster	[handle_commit.cxx:724, reconfigure()]
2023-05-05T04:04:06.741_933-05:00 [28440] [INFO] enable heartbeating for server 1	[handle_commit.cxx:728, reconfigure()]
2023-05-05T04:04:06.742_063-05:00 [28440] [INFO] add peer 1, localhost:8081, voting member	[handle_commit.cxx:823, reconfigure()]
2023-05-05T04:04:06.742_069-05:00 [28440] [INFO] clearing uncommitted config at log 2, prev 1	[handle_commit.cxx:831, reconfigure()]
2023-05-05T04:04:06.742_083-05:00 [28440] [INFO] new configuration: log idx 2, prev log idx 1
peer 2, DC ID 0, localhost:8080, voting member, 1
peer 1, DC ID 0, localhost:8081, voting member, 1
my id: 2, leader: 2, term: 1	[handle_commit.cxx:865, reconfigure()]
2023-05-05T04:04:06.843_155-05:00 [28437] [INFO] 0x7f852c0019c0 connected to localhost:8081 (as a client)	[asio_service.cxx:1319, connected()]
2023-05-05T04:04:06.843_653-05:00 [28438] [INFO] declined append: peer 1, prev next log idx 3, resp next 2, new next log idx 2	[handle_append_entries.cxx:1049, handle_append_entries_resp()]
2023-05-05T04:04:14.953_328-05:00 [28433] [INFO] shutting down raft core	[raft_server.cxx:447, shutdown()]
2023-05-05T04:04:14.953_375-05:00 [28433] [INFO] sent stop signal to the commit thread.	[raft_server.cxx:466, shutdown()]
2023-05-05T04:04:14.953_536-05:00 [28433] [INFO] cancelled all schedulers.	[raft_server.cxx:472, shutdown()]
2023-05-05T04:04:14.953_539-05:00 [28433] [INFO] commit thread stopped.	[raft_server.cxx:482, shutdown()]
2023-05-05T04:04:14.953_554-05:00 [28433] [INFO] all pending commit elements dropped.	[raft_server.cxx:486, shutdown()]
2023-05-05T04:04:14.953_563-05:00 [28433] [INFO] reset all pointers.	[raft_server.cxx:496, shutdown()]
2023-05-05T04:04:14.953_568-05:00 [28433] [INFO] joined terminated commit thread.	[raft_server.cxx:511, shutdown()]
2023-05-05T04:04:14.953_647-05:00 [28441] [INFO] bg append_entries thread terminated	[handle_append_entries.cxx:113, append_entries_in_bg()]
2023-05-05T04:04:14.953_658-05:00 [28433] [INFO] sent stop signal to background append thread.	[raft_server.cxx:518, shutdown()]
2023-05-05T04:04:14.953_666-05:00 [28433] [INFO] clean up auto-forwarding queue: 0 elems	[raft_server.cxx:526, shutdown()]
2023-05-05T04:04:14.953_671-05:00 [28433] [INFO] clean up auto-forwarding clients	[raft_server.cxx:530, shutdown()]
2023-05-05T04:04:14.953_682-05:00 [28433] [INFO] raft_server shutdown completed.	[raft_server.cxx:533, shutdown()]
2023-05-05T04:04:14.953_932-05:00 [28439] [ERRO] failed to accept a rpc connection due to error 125, Operation aborted.	[asio_service.cxx:840, handle_accept()]
2023-05-05T04:04:14.953_962-05:00 [28437] [INFO] end of asio worker thread, remaining threads: 3	[asio_service.cxx:1828, worker_entry()]
2023-05-05T04:04:14.953_966-05:00 [28439] [INFO] end of asio worker thread, remaining threads: 2	[asio_service.cxx:1828, worker_entry()]
2023-05-05T04:04:14.954_011-05:00 [28436] [INFO] end of asio worker thread, remaining threads: 1	[asio_service.cxx:1828, worker_entry()]
2023-05-05T04:04:14.954_051-05:00 [28438] [INFO] end of asio worker thread, remaining threads: 0	[asio_service.cxx:1828, worker_entry()]
2023-05-05T04:04:14.965_594-05:00 [28433] [====] Stop logger: ./srv2.log	[consensus.cc:1442, stop()]
